<?xml version="1.0" encoding="UTF-8"?>
<testsuite xmlns:xsi="http://www.w3.org/2001/XMLSchema-instance" xsi:noNamespaceSchemaLocation="https://maven.apache.org/surefire/maven-surefire-plugin/xsd/surefire-test-report-3.0.xsd" version="3.0" name="org.chovy.canvas.perf.mq.PerfMqProducerTest" time="0.042" tests="9" errors="0" skipped="0" failures="0">
  <properties>
[...]
</properties>
  <testcase name="zeroCountDoesNotCreateProducer" classname="org.chovy.canvas.perf.mq.PerfMqProducerTest" time="0.025"/>
  <testcase name="sourceMsgIdIsDeterministic" classname="org.chovy.canvas.perf.mq.PerfMqProducerTest" time="0.004"/>
  <testcase name="unknownArgumentIsRejected" classname="org.chovy.canvas.perf.mq.PerfMqProducerTest" time="0.001"/>
  <testcase name="sequencesAreOneBasedThroughCount" classname="org.chovy.canvas.perf.mq.PerfMqProducerTest" time="0.001"/>
  <testcase name="zeroCountDoesNotNeedRocketMqProducer" classname="org.chovy.canvas.perf.mq.PerfMqProducerTest" time="0.001"/>
  <testcase name="messageBodyEscapesJsonControlCharacters" classname="org.chovy.canvas.perf.mq.PerfMqProducerTest" time="0.002"/>
  <testcase name="messageBodyContainsPerfRunIdAndInputId" classname="org.chovy.canvas.perf.mq.PerfMqProducerTest" time="0.001"/>
  <testcase name="negativeCountIsRejected" classname="org.chovy.canvas.perf.mq.PerfMqProducerTest" time="0.0"/>
  <testcase name="userModuloMustBePositive" classname="org.chovy.canvas.perf.mq.PerfMqProducerTest" time="0.001"/>
</testsuite>