<?xml version="1.0" encoding="UTF-8"?>
<testsuite xmlns:xsi="http://www.w3.org/2001/XMLSchema-instance" xsi:noNamespaceSchemaLocation="https://maven.apache.org/surefire/maven-surefire-plugin/xsd/surefire-test-report-3.0.xsd" version="3.0" name="org.chovy.cache.TieredCacheTest" time="0.743" tests="9" errors="0" skipped="0" failures="0">
  <properties>
[...]
</properties>
  <testcase name="reactiveViewSharesUnderlyingCache" classname="org.chovy.cache.TieredCacheTest" time="0.704">
    <system-out><![CDATA[10:18:41.264 [main] INFO org.chovy.cache.TieredCacheManager -- [TIERED_CACHE_MANAGER] registered cache name=sample
]]></system-out>
    <system-err><![CDATA[WARNING: A Java agent has been loaded dynamically (/Users/photonpay/.m2/repository/net/bytebuddy/byte-buddy-agent/1.14.13/byte-buddy-agent-1.14.13.jar)
WARNING: If a serviceability tool is in use, please run with -XX:+EnableDynamicAgentLoading to hide this warning
WARNING: If a serviceability tool is not in use, please run with -Djdk.instrument.traceUsage for more information
WARNING: Dynamic loading of agents will be disallowed by default in a future release
]]></system-err>
  </testcase>
  <testcase name="get_loadsFromLoaderOnceAndServesSecondReadFromL1" classname="org.chovy.cache.TieredCacheTest" time="0.004">
    <system-out><![CDATA[10:18:41.326 [main] INFO org.chovy.cache.TieredCacheManager -- [TIERED_CACHE_MANAGER] registered cache name=sample
]]></system-out>
  </testcase>
  <testcase name="invalidate_deletesL2AndPublishesInvalidation" classname="org.chovy.cache.TieredCacheTest" time="0.002">
    <system-out><![CDATA[10:18:41.330 [main] INFO org.chovy.cache.TieredCacheManager -- [TIERED_CACHE_MANAGER] registered cache name=sample
]]></system-out>
  </testcase>
  <testcase name="get_usesLoaderOverrideForAnnotationStyleLoading" classname="org.chovy.cache.TieredCacheTest" time="0.002">
    <system-out><![CDATA[10:18:41.332 [main] INFO org.chovy.cache.TieredCacheManager -- [TIERED_CACHE_MANAGER] registered cache name=override
]]></system-out>
  </testcase>
  <testcase name="get_fallsThroughToLoaderWhenRedisReadFailsByDefault" classname="org.chovy.cache.TieredCacheTest" time="0.002">
    <system-out><![CDATA[10:18:41.334 [main] INFO org.chovy.cache.TieredCacheManager -- [TIERED_CACHE_MANAGER] registered cache name=sample
10:18:41.334 [main] WARN org.chovy.cache.TieredCacheImpl -- [TIERED_CACHE][sample] Redis read failed, fallthrough to L3: redis down
]]></system-out>
  </testcase>
  <testcase name="get_deletesBadL2ValueAndReloadsFromLoader" classname="org.chovy.cache.TieredCacheTest" time="0.011">
    <system-out><![CDATA[10:18:41.337 [main] INFO org.chovy.cache.TieredCacheManager -- [TIERED_CACHE_MANAGER] registered cache name=sample
10:18:41.346 [main] WARN org.chovy.cache.TieredCacheImpl -- [TIERED_CACHE][sample] deserialize failed, deleting L2 key=13: Unexpected character ('b' (code 98)): was expecting double-quote to start field name
 at [Source: (String)"{bad-json"; line: 1, column: 3]
]]></system-out>
  </testcase>
  <testcase name="get_returnsEmptyForNullSentinelWithoutCallingLoader" classname="org.chovy.cache.TieredCacheTest" time="0.001">
    <system-out><![CDATA[10:18:41.348 [main] INFO org.chovy.cache.TieredCacheManager -- [TIERED_CACHE_MANAGER] registered cache name=sample
]]></system-out>
  </testcase>
  <testcase name="get_writesNullSentinelWhenLoaderReturnsNull" classname="org.chovy.cache.TieredCacheTest" time="0.001">
    <system-out><![CDATA[10:18:41.350 [main] INFO org.chovy.cache.TieredCacheManager -- [TIERED_CACHE_MANAGER] registered cache name=sample
]]></system-out>
  </testcase>
  <testcase name="get_failsFastWhenConfiguredForRedisReadFailure" classname="org.chovy.cache.TieredCacheTest" time="0.003">
    <system-out><![CDATA[10:18:41.352 [main] INFO org.chovy.cache.TieredCacheManager -- [TIERED_CACHE_MANAGER] registered cache name=sample
]]></system-out>
  </testcase>
</testsuite>